android/app/build/intermediates/manifest_merge_blame_file/debug/manifest-merger-blame-debug-report.txt
1<?xml version="1.0" encoding="utf-8"?>
2<manifest xmlns:android="http://schemas.android.com/apk/res/android"
3    package="com.buildersapp"
4    android:versionCode="1"
5    android:versionName="1.0" >
6
7    <uses-sdk
8        android:minSdkVersion="21"
9        android:targetSdkVersion="31" />
10
11    <uses-permission android:name="android.permission.SYSTEM_ALERT_WINDOW" />
11-->src/debug/AndroidManifest.xml:5:5-77
11-->src/debug/AndroidManifest.xml:5:22-75
12    <uses-permission android:name="android.permission.INTERNET" /> <!-- Define ACCESS_FINE_LOCATION if you will use enableHighAccuracy=true -->
12-->src/main/AndroidManifest.xml:4:5-67
12-->src/main/AndroidManifest.xml:4:22-64
13    <uses-permission android:name="android.permission.ACCESS_FINE_LOCATION" /> <!-- Define ACCESS_COARSE_LOCATION if you will use enableHighAccuracy=false -->
13-->src/main/AndroidManifest.xml:7:5-78
13-->src/main/AndroidManifest.xml:7:22-76
14    <uses-permission android:name="android.permission.ACCESS_COARSE_LOCATION" />
14-->src/main/AndroidManifest.xml:10:5-80
14-->src/main/AndroidManifest.xml:10:22-78
15    <uses-permission android:name="android.permission.ACCESS_WIFI_STATE" />
15-->[com.facebook.flipper:flipper:0.125.0] AndroidManifest.xml:16:5-76
15-->[com.facebook.flipper:flipper:0.125.0] AndroidManifest.xml:16:22-73
16
17    <application
17-->src/main/AndroidManifest.xml:12:5-31:19
18        android:name="com.buildersapp.MainApplication"
18-->src/main/AndroidManifest.xml:13:7-38
19        android:allowBackup="false"
19-->src/main/AndroidManifest.xml:17:7-34
20        android:appComponentFactory="androidx.core.app.CoreComponentFactory"
20-->[androidx.core:core:1.6.0] AndroidManifest.xml:24:18-86
21        android:debuggable="true"
22        android:icon="@mipmap/ic_launcher"
22-->src/main/AndroidManifest.xml:15:7-41
23        android:label="@string/app_name"
23-->src/main/AndroidManifest.xml:14:7-39
24        android:roundIcon="@mipmap/ic_launcher_round"
24-->src/main/AndroidManifest.xml:16:7-52
25        android:theme="@style/AppTheme"
25-->src/main/AndroidManifest.xml:18:7-38
26        android:usesCleartextTraffic="true" >
26-->src/debug/AndroidManifest.xml:8:9-44
27        <activity
27-->src/debug/AndroidManifest.xml:11:9-111
28            android:name="com.facebook.react.devsupport.DevSettingsActivity"
28-->src/debug/AndroidManifest.xml:11:19-83
29            android:exported="false" />
29-->src/debug/AndroidManifest.xml:11:84-108
30        <activity
30-->src/main/AndroidManifest.xml:19:7-30:18
31            android:name="com.buildersapp.MainActivity"
31-->src/main/AndroidManifest.xml:20:9-37
32            android:configChanges="keyboard|keyboardHidden|orientation|screenLayout|screenSize|smallestScreenSize|uiMode"
32-->src/main/AndroidManifest.xml:22:9-118
33            android:exported="true"
33-->src/main/AndroidManifest.xml:25:9-32
34            android:label="@string/app_name"
34-->src/main/AndroidManifest.xml:21:9-41
35            android:launchMode="singleTask"
35-->src/main/AndroidManifest.xml:23:9-40
36            android:windowSoftInputMode="adjustResize" >
36-->src/main/AndroidManifest.xml:24:9-51
37            <intent-filter>
37-->src/main/AndroidManifest.xml:26:9-29:25
38                <action android:name="android.intent.action.MAIN" />
38-->src/main/AndroidManifest.xml:27:13-65
38-->src/main/AndroidManifest.xml:27:21-62
39
40                <category android:name="android.intent.category.LAUNCHER" />
40-->src/main/AndroidManifest.xml:28:13-73
40-->src/main/AndroidManifest.xml:28:23-70
41            </intent-filter>
42        </activity>
43    </application>
44
45</manifest>